<?xml version="1.0" encoding="UTF-8"?>
<!-- Generated by org.testng.reporters.JUnitReportReporter -->
<testsuite hostname="LAPTOP-ERGQ4PBO" failures="0" tests="1" name="testScripts.QALegendItemsTest" time="11.802" errors="0" timestamp="2025-07-07T08:22:01 IST" skipped="0">
  <testcase classname="testScripts.QALegendItemsTest" name="deleteItems" time="11.802"/>
</testsuite> <!-- testScripts.QALegendItemsTest -->
