<?xml version="1.0" encoding="UTF-8"?>
<!-- Generated by org.testng.reporters.JUnitReportReporter -->
<testsuite hostname="LAPTOP-ERGQ4PBO" failures="0" tests="1" name="testScripts.QALegendAllProjectsTest" time="10.468" errors="0" timestamp="2025-07-10T20:05:25 IST" skipped="0">
  <testcase classname="testScripts.QALegendAllProjectsTest" name="addProject" time="10.468"/>
</testsuite> <!-- testScripts.QALegendAllProjectsTest -->
