<?xml version="1.0" encoding="UTF-8"?>
<!-- Generated by org.testng.reporters.JUnitReportReporter -->
<testsuite hostname="LAPTOP-ERGQ4PBO" failures="0" tests="1" name="testScripts.QALegendUserTest" time="19.888" errors="0" timestamp="2025-07-07T07:22:18 IST" skipped="0">
  <testcase classname="testScripts.QALegendUserTest" name="addClient" time="19.888"/>
</testsuite> <!-- testScripts.QALegendUserTest -->
